<?xml version="1.0" encoding="utf-8"?>
<coverage line-rate="0.5452" branch-rate="0.4232" version="1.9" timestamp="1752767580" lines-covered="880" lines-valid="1614" branches-covered="204" branches-valid="482">
  <sources>
    <source>/Users/barry/RiderProjects/ViceMCP/ViceMCP/</source>
  </sources>
  <packages>
    <package name="ViceMCP" line-rate="0.5452" branch-rate="0.4232" complexity="692">
      <classes>
        <class name="CommunicationData" filename="ViceBridge/Services/Abstract/IMessagesHistory.cs" line-rate="0" branch-rate="1" complexity="2">
          <methods>
            <method name="get_Sequence" signature="()" line-rate="0" branch-rate="1" complexity="1">
              <lines>
                <line number="52" hits="0" branch="False" />
              </lines>
            </method>
            <method name="get_LinkedResponses" signature="()" line-rate="0" branch-rate="1" complexity="1">
              <lines>
                <line number="53" hits="0" branch="False" />
              </lines>
            </method>
          </methods>
          <lines>
            <line number="52" hits="0" branch="False" />
            <line number="53" hits="0" branch="False" />
          </lines>
        </class>
        <class name="System.SystemExtension" filename="ViceBridge/Extensions/SystemExtension.cs" line-rate="0.9309999999999999" branch-rate="1" complexity="3">
          <methods>
            <method name="AsByte" signature="(System.Boolean)" line-rate="1" branch-rate="1" complexity="2">
              <lines>
                <line number="7" hits="11" branch="True" condition-coverage="100% (2/2)">
                  <conditions>
                    <condition number="1" type="jump" coverage="100%" />
                  </conditions>
                </line>
              </lines>
            </method>
            <method name="WaitForDataAsync" signature="(System.Net.Sockets.Socket,System.Threading.CancellationToken)" line-rate="0.9285" branch-rate="1" complexity="1">
              <lines>
                <line number="9" hits="2" branch="False" />
                <line number="10" hits="2" branch="False" />
                <line number="13" hits="3" branch="False" />
                <line number="16" hits="2" branch="False" />
                <line number="17" hits="2" branch="False" />
                <line number="18" hits="1" branch="False" />
                <line number="19" hits="2" branch="False" />
                <line number="20" hits="1" branch="False" />
                <line number="21" hits="1" branch="False" />
                <line number="22" hits="0" branch="False" />
                <line number="23" hits="0" branch="False" />
                <line number="24" hits="1" branch="False" />
                <line number="25" hits="1" branch="False" />
                <line number="26" hits="1" branch="False" />
                <line number="27" hits="1" branch="False" />
                <line number="28" hits="2" branch="False" />
                <line number="29" hits="1" branch="False" />
                <line number="30" hits="1" branch="False" />
                <line number="31" hits="1" branch="False" />
                <line number="32" hits="3" branch="False" />
                <line number="33" hits="1" branch="False" />
                <line number="34" hits="1" branch="False" />
                <line number="35" hits="1" branch="False" />
                <line number="36" hits="1" branch="False" />
                <line number="37" hits="1" branch="False" />
                <line number="38" hits="1" branch="False" />
                <line number="40" hits="2" branch="False" />
                <line number="41" hits="2" branch="False" />
              </lines>
            </method>
          </methods>
          <lines>
            <line number="7" hits="11" branch="True" condition-coverage="100% (2/2)">
              <conditions>
                <condition number="1" type="jump" coverage="100%" />
              </conditions>
            </line>
            <line number="9" hits="2" branch="False" />
            <line number="10" hits="2" branch="False" />
            <line number="13" hits="3" branch="False" />
            <line number="16" hits="2" branch="False" />
            <line number="17" hits="2" branch="False" />
            <line number="18" hits="1" branch="False" />
            <line number="19" hits="2" branch="False" />
            <line number="20" hits="1" branch="False" />
            <line number="21" hits="1" branch="False" />
            <line number="22" hits="0" branch="False" />
            <line number="23" hits="0" branch="False" />
            <line number="24" hits="1" branch="False" />
            <line number="25" hits="1" branch="False" />
            <line number="26" hits="1" branch="False" />
            <line number="27" hits="1" branch="False" />
            <line number="28" hits="2" branch="False" />
            <line number="29" hits="1" branch="False" />
            <line number="30" hits="1" branch="False" />
            <line number="31" hits="1" branch="False" />
            <line number="32" hits="3" branch="False" />
            <line number="33" hits="1" branch="False" />
            <line number="34" hits="1" branch="False" />
            <line number="35" hits="1" branch="False" />
            <line number="36" hits="1" branch="False" />
            <line number="37" hits="1" branch="False" />
            <line number="38" hits="1" branch="False" />
            <line number="40" hits="2" branch="False" />
            <line number="41" hits="2" branch="False" />
          </lines>
        </class>
        <class name="System.IO.BinaryReaderExtension" filename="ViceBridge/Extensions/BinaryReaderExtension.cs" line-rate="1" branch-rate="1" complexity="3">
          <methods>
            <method name="ReadBoolFromByte" signature="(System.IO.BinaryReader)" line-rate="1" branch-rate="1" complexity="1">
              <lines>
                <line number="8" hits="5" branch="False" />
                <line number="9" hits="5" branch="False" />
                <line number="10" hits="5" branch="False" />
              </lines>
            </method>
            <method name="ReadEnum" signature="(System.IO.BinaryReader)" line-rate="1" branch-rate="1" complexity="1">
              <lines>
                <line number="13" hits="3" branch="False" />
                <line number="16" hits="3" branch="False" />
                <line number="17" hits="3" branch="False" />
              </lines>
            </method>
            <method name="ReadCpuOperation" signature="(System.IO.BinaryReader)" line-rate="1" branch-rate="1" complexity="1">
              <lines>
                <line number="19" hits="3" branch="False" />
                <line number="20" hits="3" branch="False" />
                <line number="21" hits="3" branch="False" />
              </lines>
            </method>
          </methods>
          <lines>
            <line number="8" hits="5" branch="False" />
            <line number="9" hits="5" branch="False" />
            <line number="10" hits="5" branch="False" />
            <line number="13" hits="3" branch="False" />
            <line number="16" hits="3" branch="False" />
            <line number="17" hits="3" branch="False" />
            <line number="19" hits="3" branch="False" />
            <line number="20" hits="3" branch="False" />
            <line number="21" hits="3" branch="False" />
          </lines>
        </class>
        <class name="System.IO.BinaryWriterExtension" filename="ViceBridge/Extensions/BinaryWriterExtension.cs" line-rate="1" branch-rate="1" complexity="2">
          <methods>
            <method name="WriteBoolAsByte" signature="(System.IO.BinaryWriter,System.Boolean)" line-rate="1" branch-rate="1" complexity="2">
              <lines>
                <line number="6" hits="2" branch="False" />
                <line number="7" hits="2" branch="True" condition-coverage="100% (2/2)">
                  <conditions>
                    <condition number="3" type="jump" coverage="100%" />
                  </conditions>
                </line>
                <line number="8" hits="2" branch="False" />
              </lines>
            </method>
          </methods>
          <lines>
            <line number="6" hits="2" branch="False" />
            <line number="7" hits="2" branch="True" condition-coverage="100% (2/2)">
              <conditions>
                <condition number="3" type="jump" coverage="100%" />
              </conditions>
            </line>
            <line number="8" hits="2" branch="False" />
          </lines>
        </class>
        <class name="ViceMCP.Program/&lt;&gt;c" filename="Program.cs" line-rate="0" branch-rate="1" complexity="1">
          <methods>
            <method name="&lt;Main&gt;b__0_0" signature="(Microsoft.Extensions.Logging.Console.ConsoleLoggerOptions)" line-rate="0" branch-rate="1" complexity="1">
              <lines>
                <line number="14" hits="0" branch="False" />
                <line number="15" hits="0" branch="False" />
                <line number="16" hits="0" branch="False" />
              </lines>
            </method>
          </methods>
          <lines>
            <line number="14" hits="0" branch="False" />
            <line number="15" hits="0" branch="False" />
            <line number="16" hits="0" branch="False" />
          </lines>
        </class>
        <class name="ViceMCP.Program/&lt;Main&gt;d__0" filename="Program.cs" line-rate="0" branch-rate="1" complexity="1">
          <methods>
            <method name="MoveNext" signature="()" line-rate="0" branch-rate="1" complexity="1">
              <lines>
                <line number="10" hits="0" branch="False" />
                <line number="11" hits="0" branch="False" />
                <line number="13" hits="0" branch="False" />
                <line number="19" hits="0" branch="False" />
                <line number="22" hits="0" branch="False" />
                <line number="23" hits="0" branch="False" />
                <line number="24" hits="0" branch="False" />
                <line number="25" hits="0" branch="False" />
                <line number="27" hits="0" branch="False" />
                <line number="28" hits="0" branch="False" />
                <line number="29" hits="0" branch="False" />
                <line number="30" hits="0" branch="False" />
                <line number="32" hits="0" branch="False" />
                <line number="33" hits="0" branch="False" />
              </lines>
            </method>
          </methods>
          <lines>
            <line number="10" hits="0" branch="False" />
            <line number="11" hits="0" branch="False" />
            <line number="13" hits="0" branch="False" />
            <line number="19" hits="0" branch="False" />
            <line number="22" hits="0" branch="False" />
            <line number="23" hits="0" branch="False" />
            <line number="24" hits="0" branch="False" />
            <line number="25" hits="0" branch="False" />
            <line number="27" hits="0" branch="False" />
            <line number="28" hits="0" branch="False" />
            <line number="29" hits="0" branch="False" />
            <line number="30" hits="0" branch="False" />
            <line number="32" hits="0" branch="False" />
            <line number="33" hits="0" branch="False" />
          </lines>
        </class>
        <class name="ViceMCP.EmptyPerformanceProfiler" filename="ViceBridgeServices.cs" line-rate="0" branch-rate="1" complexity="5">
          <methods>
            <method name="get_IsEnabled" signature="()" line-rate="0" branch-rate="1" complexity="1">
              <lines>
                <line number="12" hits="0" branch="False" />
              </lines>
            </method>
            <method name="get_Events" signature="()" line-rate="0" branch-rate="1" complexity="1">
              <lines>
                <line number="13" hits="0" branch="False" />
              </lines>
            </method>
            <method name="get_Ticks" signature="()" line-rate="0" branch-rate="1" complexity="1">
              <lines>
                <line number="14" hits="0" branch="False" />
              </lines>
            </method>
            <method name="Add" signature="(ViceMCP.ViceBridge.Services.Abstract.PerformanceEvent)" line-rate="0" branch-rate="1" complexity="1">
              <lines>
                <line number="15" hits="0" branch="False" />
              </lines>
            </method>
            <method name="Clear" signature="()" line-rate="0" branch-rate="1" complexity="1">
              <lines>
                <line number="16" hits="0" branch="False" />
              </lines>
            </method>
          </methods>
          <lines>
            <line number="12" hits="0" branch="False" />
            <line number="13" hits="0" branch="False" />
            <line number="14" hits="0" branch="False" />
            <line number="15" hits="0" branch="False" />
            <line number="16" hits="0" branch="False" />
          </lines>
        </class>
        <class name="ViceMCP.SimpleMessagesHistory" filename="ViceBridgeServices.cs" line-rate="0" branch-rate="1" complexity="5">
          <methods>
            <method name="Start" signature="()" line-rate="0" branch-rate="1" complexity="1">
              <lines>
                <line number="21" hits="0" branch="False" />
              </lines>
            </method>
            <method name="AddCommandAsync" signature="(System.UInt32,ViceMCP.ViceBridge.Commands.IViceCommand)" line-rate="0" branch-rate="1" complexity="1">
              <lines>
                <line number="22" hits="0" branch="False" />
              </lines>
            </method>
            <method name="UpdateWithResponse" signature="(System.Int32,ViceMCP.ViceBridge.Responses.ViceResponse)" line-rate="0" branch-rate="1" complexity="1">
              <lines>
                <line number="23" hits="0" branch="False" />
              </lines>
            </method>
            <method name="UpdateWithLinkedResponse" signature="(System.Int32,ViceMCP.ViceBridge.Responses.ViceResponse)" line-rate="0" branch-rate="1" complexity="1">
              <lines>
                <line number="24" hits="0" branch="False" />
              </lines>
            </method>
            <method name="AddsResponseOnly" signature="(ViceMCP.ViceBridge.Responses.ViceResponse)" line-rate="0" branch-rate="1" complexity="1">
              <lines>
                <line number="25" hits="0" branch="False" />
              </lines>
            </method>
          </methods>
          <lines>
            <line number="21" hits="0" branch="False" />
            <line number="22" hits="0" branch="False" />
            <line number="23" hits="0" branch="False" />
            <line number="24" hits="0" branch="False" />
            <line number="25" hits="0" branch="False" />
          </lines>
        </class>
        <class name="ViceMCP.ViceConfiguration" filename="ViceConfiguration.cs" line-rate="0.042800000000000005" branch-rate="0" complexity="29">
          <methods>
            <method name="get_ViceBinPath" signature="()" line-rate="1" branch-rate="1" complexity="1">
              <lines>
                <line number="11" hits="61" branch="False" />
              </lines>
            </method>
            <method name="get_BinaryMonitorPort" signature="()" line-rate="1" branch-rate="1" complexity="1">
              <lines>
                <line number="16" hits="63" branch="False" />
              </lines>
            </method>
            <method name="get_StartupTimeout" signature="()" line-rate="1" branch-rate="1" complexity="1">
              <lines>
                <line number="21" hits="61" branch="False" />
              </lines>
            </method>
            <method name="FromEnvironment" signature="()" line-rate="0" branch-rate="0" complexity="10">
              <lines>
                <line number="27" hits="0" branch="False" />
                <line number="28" hits="0" branch="False" />
                <line number="31" hits="0" branch="False" />
                <line number="32" hits="0" branch="True" condition-coverage="0% (0/2)">
                  <conditions>
                    <condition number="31" type="jump" coverage="0%" />
                  </conditions>
                </line>
                <line number="33" hits="0" branch="False" />
                <line number="34" hits="0" branch="False" />
                <line number="35" hits="0" branch="False" />
                <line number="38" hits="0" branch="False" />
                <line number="39" hits="0" branch="True" condition-coverage="0% (0/4)">
                  <conditions>
                    <condition number="60" type="jump" coverage="0%" />
                    <condition number="77" type="jump" coverage="0%" />
                  </conditions>
                </line>
                <line number="40" hits="0" branch="False" />
                <line number="41" hits="0" branch="False" />
                <line number="42" hits="0" branch="False" />
                <line number="45" hits="0" branch="False" />
                <line number="46" hits="0" branch="True" condition-coverage="0% (0/4)">
                  <conditions>
                    <condition number="108" type="jump" coverage="0%" />
                    <condition number="126" type="jump" coverage="0%" />
                  </conditions>
                </line>
                <line number="47" hits="0" branch="False" />
                <line number="48" hits="0" branch="False" />
                <line number="49" hits="0" branch="False" />
                <line number="51" hits="0" branch="False" />
                <line number="52" hits="0" branch="False" />
              </lines>
            </method>
            <method name="GetEmulatorPath" signature="(System.String)" line-rate="0" branch-rate="0" complexity="6">
              <lines>
                <line number="58" hits="0" branch="False" />
                <line number="59" hits="0" branch="True" condition-coverage="0% (0/2)">
                  <conditions>
                    <condition number="14" type="jump" coverage="0%" />
                  </conditions>
                </line>
                <line number="60" hits="0" branch="False" />
                <line number="62" hits="0" branch="False" />
                <line number="66" hits="0" branch="False" />
                <line number="69" hits="0" branch="True" condition-coverage="0% (0/4)">
                  <conditions>
                    <condition number="44" type="jump" coverage="0%" />
                    <condition number="66" type="jump" coverage="0%" />
                  </conditions>
                </line>
                <line number="70" hits="0" branch="False" />
                <line number="71" hits="0" branch="False" />
                <line number="72" hits="0" branch="False" />
                <line number="74" hits="0" branch="False" />
                <line number="75" hits="0" branch="False" />
              </lines>
            </method>
            <method name="FindEmulatorInCommonPaths" signature="(System.String)" line-rate="0" branch-rate="0" complexity="10">
              <lines>
                <line number="78" hits="0" branch="False" />
                <line number="79" hits="0" branch="False" />
                <line number="81" hits="0" branch="True" condition-coverage="0% (0/2)">
                  <conditions>
                    <condition number="14" type="jump" coverage="0%" />
                  </conditions>
                </line>
                <line number="82" hits="0" branch="False" />
                <line number="83" hits="0" branch="True" condition-coverage="0% (0/2)">
                  <conditions>
                    <condition number="29" type="jump" coverage="0%" />
                  </conditions>
                </line>
                <line number="84" hits="0" branch="False" />
                <line number="85" hits="0" branch="False" />
                <line number="87" hits="0" branch="False" />
                <line number="88" hits="0" branch="False" />
                <line number="89" hits="0" branch="False" />
                <line number="90" hits="0" branch="False" />
                <line number="91" hits="0" branch="False" />
                <line number="92" hits="0" branch="False" />
                <line number="93" hits="0" branch="False" />
                <line number="94" hits="0" branch="False" />
                <line number="95" hits="0" branch="True" condition-coverage="0% (0/2)">
                  <conditions>
                    <condition number="132" type="jump" coverage="0%" />
                  </conditions>
                </line>
                <line number="96" hits="0" branch="False" />
                <line number="97" hits="0" branch="False" />
                <line number="98" hits="0" branch="False" />
                <line number="99" hits="0" branch="False" />
                <line number="100" hits="0" branch="False" />
                <line number="101" hits="0" branch="False" />
                <line number="102" hits="0" branch="False" />
                <line number="103" hits="0" branch="False" />
                <line number="104" hits="0" branch="False" />
                <line number="105" hits="0" branch="True" condition-coverage="0% (0/2)">
                  <conditions>
                    <condition number="206" type="jump" coverage="0%" />
                  </conditions>
                </line>
                <line number="106" hits="0" branch="False" />
                <line number="107" hits="0" branch="False" />
                <line number="108" hits="0" branch="False" />
                <line number="109" hits="0" branch="False" />
                <line number="110" hits="0" branch="False" />
                <line number="111" hits="0" branch="False" />
                <line number="112" hits="0" branch="False" />
                <line number="113" hits="0" branch="False" />
                <line number="114" hits="0" branch="False" />
                <line number="117" hits="0" branch="True" condition-coverage="0% (0/2)">
                  <conditions>
                    <condition number="303" type="jump" coverage="0%" />
                  </conditions>
                </line>
                <line number="118" hits="0" branch="False" />
              </lines>
            </method>
          </methods>
          <lines>
            <line number="11" hits="61" branch="False" />
            <line number="16" hits="63" branch="False" />
            <line number="21" hits="61" branch="False" />
            <line number="27" hits="0" branch="False" />
            <line number="28" hits="0" branch="False" />
            <line number="31" hits="0" branch="False" />
            <line number="32" hits="0" branch="True" condition-coverage="0% (0/2)">
              <conditions>
                <condition number="31" type="jump" coverage="0%" />
              </conditions>
            </line>
            <line number="33" hits="0" branch="False" />
            <line number="34" hits="0" branch="False" />
            <line number="35" hits="0" branch="False" />
            <line number="38" hits="0" branch="False" />
            <line number="39" hits="0" branch="True" condition-coverage="0% (0/4)">
              <conditions>
                <condition number="60" type="jump" coverage="0%" />
                <condition number="77" type="jump" coverage="0%" />
              </conditions>
            </line>
            <line number="40" hits="0" branch="False" />
            <line number="41" hits="0" branch="False" />
            <line number="42" hits="0" branch="False" />
            <line number="45" hits="0" branch="False" />
            <line number="46" hits="0" branch="True" condition-coverage="0% (0/4)">
              <conditions>
                <condition number="108" type="jump" coverage="0%" />
                <condition number="126" type="jump" coverage="0%" />
              </conditions>
            </line>
            <line number="47" hits="0" branch="False" />
            <line number="48" hits="0" branch="False" />
            <line number="49" hits="0" branch="False" />
            <line number="51" hits="0" branch="False" />
            <line number="52" hits="0" branch="False" />
            <line number="58" hits="0" branch="False" />
            <line number="59" hits="0" branch="True" condition-coverage="0% (0/2)">
              <conditions>
                <condition number="14" type="jump" coverage="0%" />
              </conditions>
            </line>
            <line number="60" hits="0" branch="False" />
            <line number="62" hits="0" branch="False" />
            <line number="66" hits="0" branch="False" />
            <line number="69" hits="0" branch="True" condition-coverage="0% (0/4)">
              <conditions>
                <condition number="44" type="jump" coverage="0%" />
                <condition number="66" type="jump" coverage="0%" />
              </conditions>
            </line>
            <line number="70" hits="0" branch="False" />
            <line number="71" hits="0" branch="False" />
            <line number="72" hits="0" branch="False" />
            <line number="74" hits="0" branch="False" />
            <line number="75" hits="0" branch="False" />
            <line number="78" hits="0" branch="False" />
            <line number="79" hits="0" branch="False" />
            <line number="81" hits="0" branch="True" condition-coverage="0% (0/2)">
              <conditions>
                <condition number="14" type="jump" coverage="0%" />
              </conditions>
            </line>
            <line number="82" hits="0" branch="False" />
            <line number="83" hits="0" branch="True" condition-coverage="0% (0/2)">
              <conditions>
                <condition number="29" type="jump" coverage="0%" />
              </conditions>
            </line>
            <line number="84" hits="0" branch="False" />
            <line number="85" hits="0" branch="False" />
            <line number="87" hits="0" branch="False" />
            <line number="88" hits="0" branch="False" />
            <line number="89" hits="0" branch="False" />
            <line number="90" hits="0" branch="False" />
            <line number="91" hits="0" branch="False" />
            <line number="92" hits="0" branch="False" />
            <line number="93" hits="0" branch="False" />
            <line number="94" hits="0" branch="False" />
            <line number="95" hits="0" branch="True" condition-coverage="0% (0/2)">
              <conditions>
                <condition number="132" type="jump" coverage="0%" />
              </conditions>
            </line>
            <line number="96" hits="0" branch="False" />
            <line number="97" hits="0" branch="False" />
            <line number="98" hits="0" branch="False" />
            <line number="99" hits="0" branch="False" />
            <line number="100" hits="0" branch="False" />
            <line number="101" hits="0" branch="False" />
            <line number="102" hits="0" branch="False" />
            <line number="103" hits="0" branch="False" />
            <line number="104" hits="0" branch="False" />
            <line number="105" hits="0" branch="True" condition-coverage="0% (0/2)">
              <conditions>
                <condition number="206" type="jump" coverage="0%" />
              </conditions>
            </line>
            <line number="106" hits="0" branch="False" />
            <line number="107" hits="0" branch="False" />
            <line number="108" hits="0" branch="False" />
            <line number="109" hits="0" branch="False" />
            <line number="110" hits="0" branch="False" />
            <line number="111" hits="0" branch="False" />
            <line number="112" hits="0" branch="False" />
            <line number="113" hits="0" branch="False" />
            <line number="114" hits="0" branch="False" />
            <line number="117" hits="0" branch="True" condition-coverage="0% (0/2)">
              <conditions>
                <condition number="303" type="jump" coverage="0%" />
              </conditions>
            </line>
            <line number="118" hits="0" branch="False" />
          </lines>
        </class>
        <class name="ViceMCP.ViceTools" filename="ViceTools.cs" line-rate="1" branch-rate="1" complexity="2">
          <methods>
            <method name=".ctor" signature="(ViceMCP.ViceBridge.Services.Abstract.IViceBridge,ViceMCP.ViceConfiguration)" line-rate="1" branch-rate="1" complexity="1">
              <lines>
                <line number="22" hits="61" branch="False" />
                <line number="23" hits="61" branch="False" />
                <line number="24" hits="61" branch="False" />
                <line number="25" hits="61" branch="False" />
                <line number="26" hits="61" branch="False" />
              </lines>
            </method>
            <method name=".cctor" signature="()" line-rate="1" branch-rate="1" complexity="1">
              <lines>
                <line number="19" hits="1" branch="False" />
                <line number="20" hits="1" branch="False" />
              </lines>
            </method>
          </methods>
          <lines>
            <line number="22" hits="61" branch="False" />
            <line number="23" hits="61" branch="False" />
            <line number="24" hits="61" branch="False" />
            <line number="25" hits="61" branch="False" />
            <line number="26" hits="61" branch="False" />
            <line number="19" hits="1" branch="False" />
            <line number="20" hits="1" branch="False" />
          </lines>
        </class>
        <class name="ViceMCP.ViceTools/&lt;&gt;c" filename="ViceTools.cs" line-rate="1" branch-rate="1" complexity="5">
          <methods>
            <method name="&lt;WriteMemory&gt;b__6_0" signature="(System.String)" line-rate="1" branch-rate="1" complexity="1">
              <lines>
                <line number="78" hits="14" branch="False" />
              </lines>
            </method>
            <method name="&lt;FillMemory&gt;b__24_0" signature="(System.String)" line-rate="1" branch-rate="1" complexity="1">
              <lines>
                <line number="600" hits="3" branch="False" />
              </lines>
            </method>
            <method name="&lt;FillMemory&gt;b__24_1" signature="(System.Byte)" line-rate="1" branch-rate="1" complexity="1">
              <lines>
                <line number="625" hits="5" branch="False" />
              </lines>
            </method>
            <method name="&lt;SearchMemory&gt;b__25_0" signature="(System.String)" line-rate="1" branch-rate="1" complexity="1">
              <lines>
                <line number="648" hits="3" branch="False" />
              </lines>
            </method>
            <method name="&lt;SearchMemory&gt;b__25_1" signature="(System.UInt16)" line-rate="1" branch-rate="1" complexity="1">
              <lines>
                <line number="701" hits="3" branch="False" />
              </lines>
            </method>
          </methods>
          <lines>
            <line number="78" hits="14" branch="False" />
            <line number="600" hits="3" branch="False" />
            <line number="625" hits="5" branch="False" />
            <line number="648" hits="3" branch="False" />
            <line number="701" hits="3" branch="False" />
          </lines>
        </class>
        <class name="ViceMCP.ViceTools/&lt;CompareMemory&gt;d__27" filename="ViceTools.cs" line-rate="0.5869" branch-rate="0.5333" complexity="30">
          <methods>
            <method name="MoveNext" signature="()" line-rate="0.5869" branch-rate="0.5333" complexity="30">
              <lines>
                <line number="733" hits="1" branch="False" />
                <line number="734" hits="1" branch="False" />
                <line number="736" hits="1" branch="True" condition-coverage="50% (2/4)">
                  <conditions>
                    <condition number="148" type="jump" coverage="50%" />
                    <condition number="170" type="jump" coverage="50%" />
                  </conditions>
                </line>
                <line number="737" hits="0" branch="False" />
                <line number="738" hits="0" branch="False" />
                <line number="742" hits="1" branch="True" condition-coverage="50% (1/2)">
                  <conditions>
                    <condition number="205" type="jump" coverage="50%" />
                  </conditions>
                </line>
                <line number="743" hits="0" branch="False" />
                <line number="744" hits="1" branch="True" condition-coverage="50% (1/2)">
                  <conditions>
                    <condition number="246" type="jump" coverage="50%" />
                  </conditions>
                </line>
                <line number="745" hits="0" branch="False" />
                <line number="747" hits="1" branch="False" />
                <line number="748" hits="1" branch="False" />
                <line number="749" hits="1" branch="False" />
                <line number="750" hits="1" branch="False" />
                <line number="753" hits="1" branch="False" />
                <line number="754" hits="1" branch="False" />
                <line number="756" hits="1" branch="False" />
                <line number="757" hits="1" branch="False" />
                <line number="759" hits="1" branch="True" condition-coverage="50% (3/6)">
                  <conditions>
                    <condition number="711" type="jump" coverage="50%" />
                    <condition number="725" type="jump" coverage="50%" />
                    <condition number="755" type="jump" coverage="50%" />
                  </conditions>
                </line>
                <line number="760" hits="0" branch="False" />
                <line number="761" hits="0" branch="False" />
                <line number="763" hits="1" branch="True" condition-coverage="50% (3/6)">
                  <conditions>
                    <condition number="824" type="jump" coverage="50%" />
                    <condition number="838" type="jump" coverage="50%" />
                    <condition number="868" type="jump" coverage="50%" />
                  </conditions>
                </line>
                <line number="764" hits="0" branch="False" />
                <line number="765" hits="0" branch="False" />
                <line number="768" hits="1" branch="False" />
                <line number="769" hits="1" branch="False" />
                <line number="771" hits="1" branch="False" />
                <line number="772" hits="1" branch="False" />
                <line number="774" hits="10" branch="True" condition-coverage="100% (4/4)">
                  <conditions>
                    <condition number="1334" type="jump" coverage="100%" />
                    <condition number="1315" type="jump" coverage="100%" />
                  </conditions>
                </line>
                <line number="775" hits="4" branch="False" />
                <line number="776" hits="4" branch="True" condition-coverage="50% (1/2)">
                  <conditions>
                    <condition number="1064" type="jump" coverage="50%" />
                  </conditions>
                </line>
                <line number="777" hits="0" branch="False" />
                <line number="778" hits="0" branch="False" />
                <line number="779" hits="0" branch="False" />
                <line number="780" hits="0" branch="False" />
                <line number="781" hits="4" branch="False" />
                <line number="783" hits="1" branch="True" condition-coverage="50% (1/2)">
                  <conditions>
                    <condition number="1352" type="jump" coverage="50%" />
                  </conditions>
                </line>
                <line number="784" hits="1" branch="False" />
                <line number="785" hits="1" branch="False" />
                <line number="788" hits="0" branch="False" />
                <line number="789" hits="0" branch="False" />
                <line number="791" hits="0" branch="True" condition-coverage="0% (0/2)">
                  <conditions>
                    <condition number="1666" type="jump" coverage="0%" />
                  </conditions>
                </line>
                <line number="792" hits="0" branch="False" />
                <line number="793" hits="0" branch="False" />
                <line number="794" hits="0" branch="False" />
                <line number="796" hits="0" branch="False" />
                <line number="797" hits="1" branch="False" />
              </lines>
            </method>
          </methods>
          <lines>
            <line number="733" hits="1" branch="False" />
            <line number="734" hits="1" branch="False" />
            <line number="736" hits="1" branch="True" condition-coverage="50% (2/4)">
              <conditions>
                <condition number="148" type="jump" coverage="50%" />
                <condition number="170" type="jump" coverage="50%" />
              </conditions>
            </line>
            <line number="737" hits="0" branch="False" />
            <line number="738" hits="0" branch="False" />
            <line number="742" hits="1" branch="True" condition-coverage="50% (1/2)">
              <conditions>
                <condition number="205" type="jump" coverage="50%" />
              </conditions>
            </line>
            <line number="743" hits="0" branch="False" />
            <line number="744" hits="1" branch="True" condition-coverage="50% (1/2)">
              <conditions>
                <condition number="246" type="jump" coverage="50%" />
              </conditions>
            </line>
            <line number="745" hits="0" branch="False" />
            <line number="747" hits="1" branch="False" />
            <line number="748" hits="1" branch="False" />
            <line number="749" hits="1" branch="False" />
            <line number="750" hits="1" branch="False" />
            <line number="753" hits="1" branch="False" />
            <line number="754" hits="1" branch="False" />
            <line number="756" hits="1" branch="False" />
            <line number="757" hits="1" branch="False" />
            <line number="759" hits="1" branch="True" condition-coverage="50% (3/6)">
              <conditions>
                <condition number="711" type="jump" coverage="50%" />
                <condition number="725" type="jump" coverage="50%" />
                <condition number="755" type="jump" coverage="50%" />
              </conditions>
            </line>
            <line number="760" hits="0" branch="False" />
            <line number="761" hits="0" branch="False" />
            <line number="763" hits="1" branch="True" condition-coverage="50% (3/6)">
              <conditions>
                <condition number="824" type="jump" coverage="50%" />
                <condition number="838" type="jump" coverage="50%" />
                <condition number="868" type="jump" coverage="50%" />
              </conditions>
            </line>
            <line number="764" hits="0" branch="False" />
            <line number="765" hits="0" branch="False" />
            <line number="768" hits="1" branch="False" />
            <line number="769" hits="1" branch="False" />
            <line number="771" hits="1" branch="False" />
            <line number="772" hits="1" branch="False" />
            <line number="774" hits="10" branch="True" condition-coverage="100% (4/4)">
              <conditions>
                <condition number="1334" type="jump" coverage="100%" />
                <condition number="1315" type="jump" coverage="100%" />
              </conditions>
            </line>
            <line number="775" hits="4" branch="False" />
            <line number="776" hits="4" branch="True" condition-coverage="50% (1/2)">
              <conditions>
                <condition number="1064" type="jump" coverage="50%" />
              </conditions>
            </line>
            <line number="777" hits="0" branch="False" />
            <line number="778" hits="0" branch="False" />
            <line number="779" hits="0" branch="False" />
            <line number="780" hits="0" branch="False" />
            <line number="781" hits="4" branch="False" />
            <line number="783" hits="1" branch="True" condition-coverage="50% (1/2)">
              <conditions>
                <condition number="1352" type="jump" coverage="50%" />
              </conditions>
            </line>
            <line number="784" hits="1" branch="False" />
            <line number="785" hits="1" branch="False" />
            <line number="788" hits="0" branch="False" />
            <line number="789" hits="0" branch="False" />
            <line number="791" hits="0" branch="True" condition-coverage="0% (0/2)">
              <conditions>
                <condition number="1666" type="jump" coverage="0%" />
              </conditions>
            </line>
            <line number="792" hits="0" branch="False" />
            <line number="793" hits="0" branch="False" />
            <line number="794" hits="0" branch="False" />
            <line number="796" hits="0" branch="False" />
            <line number="797" hits="1" branch="False" />
          </lines>
        </class>
        <class name="ViceMCP.ViceTools/&lt;ContinueExecution&gt;d__11" filename="ViceTools.cs" line-rate="1" branch-rate="1" complexity="2">
          <methods>
            <method name="MoveNext" signature="()" line-rate="1" branch-rate="1" complexity="2">
              <lines>
                <line number="202" hits="2" branch="False" />
                <line number="203" hits="2" branch="False" />
                <line number="205" hits="2" branch="False" />
                <line number="206" hits="2" branch="False" />
                <line number="207" hits="2" branch="False" />
                <line number="209" hits="2" branch="True" condition-coverage="100% (2/2)">
                  <conditions>
                    <condition number="318" type="jump" coverage="100%" />
                  </conditions>
                </line>
                <line number="210" hits="1" branch="False" />
                <line number="211" hits="1" branch="False" />
                <line number="214" hits="1" branch="False" />
                <line number="215" hits="1" branch="False" />
              </lines>
            </method>
          </methods>
          <lines>
            <line number="202" hits="2" branch="False" />
            <line number="203" hits="2" branch="False" />
            <line number="205" hits="2" branch="False" />
            <line number="206" hits="2" branch="False" />
            <line number="207" hits="2" branch="False" />
            <line number="209" hits="2" branch="True" condition-coverage="100% (2/2)">
              <conditions>
                <condition number="318" type="jump" coverage="100%" />
              </conditions>
            </line>
            <line number="210" hits="1" branch="False" />
            <line number="211" hits="1" branch="False" />
            <line number="214" hits="1" branch="False" />
            <line number="215" hits="1" branch="False" />
          </lines>
        </class>
        <class name="ViceMCP.ViceTools/&lt;CopyMemory&gt;d__23" filename="ViceTools.cs" line-rate="0.7777" branch-rate="0.625" complexity="16">
          <methods>
            <method name="MoveNext" signature="()" line-rate="0.7777" branch-rate="0.625" complexity="16">
              <lines>
                <line number="532" hits="3" branch="False" />
                <line number="533" hits="3" branch="False" />
                <line number="535" hits="3" branch="True" condition-coverage="100% (4/4)">
                  <conditions>
                    <condition number="148" type="jump" coverage="100%" />
                    <condition number="170" type="jump" coverage="100%" />
                  </conditions>
                </line>
                <line number="536" hits="2" branch="False" />
                <line number="537" hits="2" branch="False" />
                <line number="541" hits="1" branch="True" condition-coverage="50% (1/2)">
                  <conditions>
                    <condition number="205" type="jump" coverage="50%" />
                  </conditions>
                </line>
                <line number="542" hits="0" branch="False" />
                <line number="543" hits="1" branch="True" condition-coverage="50% (1/2)">
                  <conditions>
                    <condition number="246" type="jump" coverage="50%" />
                  </conditions>
                </line>
                <line number="544" hits="0" branch="False" />
                <line number="546" hits="1" branch="False" />
                <line number="547" hits="1" branch="False" />
                <line number="548" hits="1" branch="False" />
                <line number="551" hits="1" branch="False" />
                <line number="552" hits="1" branch="False" />
                <line number="554" hits="1" branch="True" condition-coverage="50% (3/6)">
                  <conditions>
                    <condition number="513" type="jump" coverage="50%" />
                    <condition number="527" type="jump" coverage="50%" />
                    <condition number="557" type="jump" coverage="50%" />
                  </conditions>
                </line>
                <line number="555" hits="0" branch="False" />
                <line number="556" hits="0" branch="False" />
                <line number="559" hits="1" branch="False" />
                <line number="562" hits="1" branch="False" />
                <line number="563" hits="1" branch="False" />
                <line number="565" hits="1" branch="False" />
                <line number="566" hits="1" branch="False" />
                <line number="568" hits="1" branch="True" condition-coverage="50% (1/2)">
                  <conditions>
                    <condition number="905" type="jump" coverage="50%" />
                  </conditions>
                </line>
                <line number="569" hits="0" branch="False" />
                <line number="570" hits="0" branch="False" />
                <line number="573" hits="1" branch="False" />
                <line number="574" hits="1" branch="False" />
              </lines>
            </method>
          </methods>
          <lines>
            <line number="532" hits="3" branch="False" />
            <line number="533" hits="3" branch="False" />
            <line number="535" hits="3" branch="True" condition-coverage="100% (4/4)">
              <conditions>
                <condition number="148" type="jump" coverage="100%" />
                <condition number="170" type="jump" coverage="100%" />
              </conditions>
            </line>
            <line number="536" hits="2" branch="False" />
            <line number="537" hits="2" branch="False" />
            <line number="541" hits="1" branch="True" condition-coverage="50% (1/2)">
              <conditions>
                <condition number="205" type="jump" coverage="50%" />
              </conditions>
            </line>
            <line number="542" hits="0" branch="False" />
            <line number="543" hits="1" branch="True" condition-coverage="50% (1/2)">
              <conditions>
                <condition number="246" type="jump" coverage="50%" />
              </conditions>
            </line>
            <line number="544" hits="0" branch="False" />
            <line number="546" hits="1" branch="False" />
            <line number="547" hits="1" branch="False" />
            <line number="548" hits="1" branch="False" />
            <line number="551" hits="1" branch="False" />
            <line number="552" hits="1" branch="False" />
            <line number="554" hits="1" branch="True" condition-coverage="50% (3/6)">
              <conditions>
                <condition number="513" type="jump" coverage="50%" />
                <condition number="527" type="jump" coverage="50%" />
                <condition number="557" type="jump" coverage="50%" />
              </conditions>
            </line>
            <line number="555" hits="0" branch="False" />
            <line number="556" hits="0" branch="False" />
            <line number="559" hits="1" branch="False" />
            <line number="562" hits="1" branch="False" />
            <line number="563" hits="1" branch="False" />
            <line number="565" hits="1" branch="False" />
            <line number="566" hits="1" branch="False" />
            <line number="568" hits="1" branch="True" condition-coverage="50% (1/2)">
              <conditions>
                <condition number="905" type="jump" coverage="50%" />
              </conditions>
            </line>
            <line number="569" hits="0" branch="False" />
            <line number="570" hits="0" branch="False" />
            <line number="573" hits="1" branch="False" />
            <line number="574" hits="1" branch="False" />
          </lines>
        </class>
        <class name="ViceMCP.ViceTools/&lt;DeleteCheckpoint&gt;d__18" filename="ViceTools.cs" line-rate="1" branch-rate="1" complexity="2">
          <methods>
            <method name="MoveNext" signature="()" line-rate="1" branch-rate="1" complexity="2">
              <lines>
                <line number="380" hits="2" branch="False" />
                <line number="381" hits="2" branch="False" />
                <line number="383" hits="2" branch="False" />
                <line number="384" hits="2" branch="False" />
                <line number="385" hits="2" branch="False" />
                <line number="387" hits="2" branch="True" condition-coverage="100% (2/2)">
                  <conditions>
                    <condition number="324" type="jump" coverage="100%" />
                  </conditions>
                </line>
                <line number="388" hits="1" branch="False" />
                <line number="389" hits="1" branch="False" />
                <line number="392" hits="1" branch="False" />
                <line number="393" hits="1" branch="False" />
              </lines>
            </method>
          </methods>
          <lines>
            <line number="380" hits="2" branch="False" />
            <line number="381" hits="2" branch="False" />
            <line number="383" hits="2" branch="False" />
            <line number="384" hits="2" branch="False" />
            <line number="385" hits="2" branch="False" />
            <line number="387" hits="2" branch="True" condition-coverage="100% (2/2)">
              <conditions>
                <condition number="324" type="jump" coverage="100%" />
              </conditions>
            </line>
            <line number="388" hits="1" branch="False" />
            <line number="389" hits="1" branch="False" />
            <line number="392" hits="1" branch="False" />
            <line number="393" hits="1" branch="False" />
          </lines>
        </class>
        <class name="ViceMCP.ViceTools/&lt;EnsureStartedAsync&gt;d__7" filename="ViceTools.cs" line-rate="1" branch-rate="1" complexity="4">
          <methods>
            <method name="MoveNext" signature="()" line-rate="1" branch-rate="1" complexity="4">
              <lines>
                <line number="98" hits="62" branch="False" />
                <line number="99" hits="62" branch="True" condition-coverage="100% (2/2)">
                  <conditions>
                    <condition number="33" type="jump" coverage="100%" />
                  </conditions>
                </line>
                <line number="100" hits="7" branch="False" />
                <line number="101" hits="7" branch="False" />
                <line number="103" hits="7" branch="False" />
                <line number="104" hits="7" branch="True" condition-coverage="100% (2/2)">
                  <conditions>
                    <condition number="161" type="jump" coverage="100%" />
                  </conditions>
                </line>
                <line number="105" hits="2" branch="False" />
                <line number="106" hits="2" branch="False" />
                <line number="107" hits="2" branch="False" />
                <line number="110" hits="2" branch="False" />
                <line number="111" hits="2" branch="False" />
                <line number="112" hits="7" branch="False" />
                <line number="114" hits="7" branch="False" />
                <line number="115" hits="7" branch="False" />
                <line number="116" hits="7" branch="False" />
                <line number="117" hits="7" branch="False" />
                <line number="118" hits="62" branch="False" />
              </lines>
            </method>
          </methods>
          <lines>
            <line number="98" hits="62" branch="False" />
            <line number="99" hits="62" branch="True" condition-coverage="100% (2/2)">
              <conditions>
                <condition number="33" type="jump" coverage="100%" />
              </conditions>
            </line>
            <line number="100" hits="7" branch="False" />
            <line number="101" hits="7" branch="False" />
            <line number="103" hits="7" branch="False" />
            <line number="104" hits="7" branch="True" condition-coverage="100% (2/2)">
              <conditions>
                <condition number="161" type="jump" coverage="100%" />
              </conditions>
            </line>
            <line number="105" hits="2" branch="False" />
            <line number="106" hits="2" branch="False" />
            <line number="107" hits="2" branch="False" />
            <line number="110" hits="2" branch="False" />
            <line number="111" hits="2" branch="False" />
            <line number="112" hits="7" branch="False" />
            <line number="114" hits="7" branch="False" />
            <line number="115" hits="7" branch="False" />
            <line number="116" hits="7" branch="False" />
            <line number="117" hits="7" branch="False" />
            <line number="118" hits="62" branch="False" />
          </lines>
        </class>
        <class name="ViceMCP.ViceTools/&lt;FillMemory&gt;d__24" filename="ViceTools.cs" line-rate="0.8571" branch-rate="0.75" complexity="12">
          <methods>
            <method name="MoveNext" signature="()" line-rate="0.8571" branch-rate="0.75" complexity="12">
              <lines>
                <line number="581" hits="4" branch="False" />
                <line number="582" hits="4" branch="False" />
                <line number="585" hits="4" branch="True" condition-coverage="50% (1/2)">
                  <conditions>
                    <condition number="148" type="jump" coverage="50%" />
                  </conditions>
                </line>
                <line number="586" hits="0" branch="False" />
                <line number="587" hits="4" branch="True" condition-coverage="50% (1/2)">
                  <conditions>
                    <condition number="189" type="jump" coverage="50%" />
                  </conditions>
                </line>
                <line number="588" hits="0" branch="False" />
                <line number="590" hits="4" branch="False" />
                <line number="591" hits="4" branch="False" />
                <line number="593" hits="4" branch="True" condition-coverage="100% (2/2)">
                  <conditions>
                    <condition number="265" type="jump" coverage="100%" />
                  </conditions>
                </line>
                <line number="594" hits="1" branch="False" />
                <line number="595" hits="1" branch="False" />
                <line number="599" hits="3" branch="False" />
                <line number="601" hits="3" branch="False" />
                <line number="603" hits="3" branch="True" condition-coverage="100% (2/2)">
                  <conditions>
                    <condition number="369" type="jump" coverage="100%" />
                  </conditions>
                </line>
                <line number="604" hits="1" branch="False" />
                <line number="605" hits="1" branch="False" />
                <line number="608" hits="2" branch="False" />
                <line number="609" hits="2" branch="False" />
                <line number="612" hits="524" branch="True" condition-coverage="100% (2/2)">
                  <conditions>
                    <condition number="508" type="jump" coverage="100%" />
                  </conditions>
                </line>
                <line number="613" hits="260" branch="False" />
                <line number="614" hits="260" branch="False" />
                <line number="615" hits="260" branch="False" />
                <line number="617" hits="2" branch="False" />
                <line number="618" hits="2" branch="False" />
                <line number="620" hits="2" branch="True" condition-coverage="50% (1/2)">
                  <conditions>
                    <condition number="704" type="jump" coverage="50%" />
                  </conditions>
                </line>
                <line number="621" hits="0" branch="False" />
                <line number="622" hits="0" branch="False" />
                <line number="626" hits="2" branch="False" />
              </lines>
            </method>
          </methods>
          <lines>
            <line number="581" hits="4" branch="False" />
            <line number="582" hits="4" branch="False" />
            <line number="585" hits="4" branch="True" condition-coverage="50% (1/2)">
              <conditions>
                <condition number="148" type="jump" coverage="50%" />
              </conditions>
            </line>
            <line number="586" hits="0" branch="False" />
            <line number="587" hits="4" branch="True" condition-coverage="50% (1/2)">
              <conditions>
                <condition number="189" type="jump" coverage="50%" />
              </conditions>
            </line>
            <line number="588" hits="0" branch="False" />
            <line number="590" hits="4" branch="False" />
            <line number="591" hits="4" branch="False" />
            <line number="593" hits="4" branch="True" condition-coverage="100% (2/2)">
              <conditions>
                <condition number="265" type="jump" coverage="100%" />
              </conditions>
            </line>
            <line number="594" hits="1" branch="False" />
            <line number="595" hits="1" branch="False" />
            <line number="599" hits="3" branch="False" />
            <line number="601" hits="3" branch="False" />
            <line number="603" hits="3" branch="True" condition-coverage="100% (2/2)">
              <conditions>
                <condition number="369" type="jump" coverage="100%" />
              </conditions>
            </line>
            <line number="604" hits="1" branch="False" />
            <line number="605" hits="1" branch="False" />
            <line number="608" hits="2" branch="False" />
            <line number="609" hits="2" branch="False" />
            <line number="612" hits="524" branch="True" condition-coverage="100% (2/2)">
              <conditions>
                <condition number="508" type="jump" coverage="100%" />
              </conditions>
            </line>
            <line number="613" hits="260" branch="False" />
            <line number="614" hits="260" branch="False" />
            <line number="615" hits="260" branch="False" />
            <line number="617" hits="2" branch="False" />
            <line number="618" hits="2" branch="False" />
            <line number="620" hits="2" branch="True" condition-coverage="50% (1/2)">
              <conditions>
                <condition number="704" type="jump" coverage="50%" />
              </conditions>
            </line>
            <line number="621" hits="0" branch="False" />
            <line number="622" hits="0" branch="False" />
            <line number="626" hits="2" branch="False" />
          </lines>
        </class>
        <class name="ViceMCP.ViceTools/&lt;GetBanks&gt;d__15" filename="ViceTools.cs" line-rate="1" branch-rate="1" complexity="6">
          <methods>
            <method name="MoveNext" signature="()" line-rate="1" branch-rate="1" complexity="6">
              <lines>
                <line number="295" hits="2" branch="False" />
                <line number="296" hits="2" branch="False" />
                <line number="298" hits="2" branch="False" />
                <line number="299" hits="2" branch="False" />
                <line number="300" hits="2" branch="False" />
                <line number="302" hits="2" branch="True" condition-coverage="100% (4/4)">
                  <conditions>
                    <condition number="311" type="jump" coverage="100%" />
                    <condition number="337" type="jump" coverage="100%" />
                  </conditions>
                </line>
                <line number="303" hits="1" branch="False" />
                <line number="304" hits="1" branch="False" />
                <line number="305" hits="1" branch="False" />
                <line number="306" hits="9" branch="True" condition-coverage="100% (2/2)">
                  <conditions>
                    <condition number="529" type="jump" coverage="100%" />
                  </conditions>
                </line>
                <line number="307" hits="3" branch="False" />
                <line number="308" hits="3" branch="False" />
                <line number="309" hits="3" branch="False" />
                <line number="310" hits="1" branch="False" />
                <line number="313" hits="1" branch="False" />
                <line number="314" hits="1" branch="False" />
              </lines>
            </method>
          </methods>
          <lines>
            <line number="295" hits="2" branch="False" />
            <line number="296" hits="2" branch="False" />
            <line number="298" hits="2" branch="False" />
            <line number="299" hits="2" branch="False" />
            <line number="300" hits="2" branch="False" />
            <line number="302" hits="2" branch="True" condition-coverage="100% (4/4)">
              <conditions>
                <condition number="311" type="jump" coverage="100%" />
                <condition number="337" type="jump" coverage="100%" />
              </conditions>
            </line>
            <line number="303" hits="1" branch="False" />
            <line number="304" hits="1" branch="False" />
            <line number="305" hits="1" branch="False" />
            <line number="306" hits="9" branch="True" condition-coverage="100% (2/2)">
              <conditions>
                <condition number="529" type="jump" coverage="100%" />
              </conditions>
            </line>
            <line number="307" hits="3" branch="False" />
            <line number="308" hits="3" branch="False" />
            <line number="309" hits="3" branch="False" />
            <line number="310" hits="1" branch="False" />
            <line number="313" hits="1" branch="False" />
            <line number="314" hits="1" branch="False" />
          </lines>
        </class>
        <class name="ViceMCP.ViceTools/&lt;GetDisplay&gt;d__20" filename="ViceTools.cs" line-rate="1" branch-rate="1" complexity="6">
          <methods>
            <method name="MoveNext" signature="()" line-rate="1" branch-rate="1" complexity="6">
              <lines>
                <line number="417" hits="4" branch="False" />
                <line number="418" hits="4" branch="False" />
                <line number="420" hits="4" branch="False" />
                <line number="421" hits="4" branch="False" />
                <line number="422" hits="4" branch="False" />
                <line number="424" hits="4" branch="True" condition-coverage="100% (4/4)">
                  <conditions>
                    <condition number="318" type="jump" coverage="100%" />
                    <condition number="344" type="jump" coverage="100%" />
                  </conditions>
                </line>
                <line number="425" hits="3" branch="False" />
                <line number="426" hits="3" branch="False" />
                <line number="427" hits="3" branch="True" condition-coverage="100% (2/2)">
                  <conditions>
                    <condition number="391" type="jump" coverage="100%" />
                  </conditions>
                </line>
                <line number="428" hits="2" branch="False" />
                <line number="429" hits="2" branch="False" />
                <line number="430" hits="2" branch="False" />
                <line number="432" hits="1" branch="False" />
                <line number="435" hits="1" branch="False" />
                <line number="436" hits="2" branch="False" />
              </lines>
            </method>
          </methods>
          <lines>
            <line number="417" hits="4" branch="False" />
            <line number="418" hits="4" branch="False" />
            <line number="420" hits="4" branch="False" />
            <line number="421" hits="4" branch="False" />
            <line number="422" hits="4" branch="False" />
            <line number="424" hits="4" branch="True" condition-coverage="100% (4/4)">
              <conditions>
                <condition number="318" type="jump" coverage="100%" />
                <condition number="344" type="jump" coverage="100%" />
              </conditions>
            </line>
            <line number="425" hits="3" branch="False" />
            <line number="426" hits="3" branch="False" />
            <line number="427" hits="3" branch="True" condition-coverage="100% (2/2)">
              <conditions>
                <condition number="391" type="jump" coverage="100%" />
              </conditions>
            </line>
            <line number="428" hits="2" branch="False" />
            <line number="429" hits="2" branch="False" />
            <line number="430" hits="2" branch="False" />
            <line number="432" hits="1" branch="False" />
            <line number="435" hits="1" branch="False" />
            <line number="436" hits="2" branch="False" />
          </lines>
        </class>
        <class name="ViceMCP.ViceTools/&lt;GetInfo&gt;d__13" filename="ViceTools.cs" line-rate="1" branch-rate="1" complexity="4">
          <methods>
            <method name="MoveNext" signature="()" line-rate="1" branch-rate="1" complexity="4">
              <lines>
                <line number="260" hits="2" branch="False" />
                <line number="261" hits="2" branch="False" />
                <line number="263" hits="2" branch="False" />
                <line number="264" hits="2" branch="False" />
                <line number="265" hits="2" branch="False" />
                <line number="267" hits="2" branch="True" condition-coverage="100% (4/4)">
                  <conditions>
                    <condition number="311" type="jump" coverage="100%" />
                    <condition number="337" type="jump" coverage="100%" />
                  </conditions>
                </line>
                <line number="268" hits="1" branch="False" />
                <line number="269" hits="1" branch="False" />
                <line number="270" hits="1" branch="False" />
                <line number="273" hits="1" branch="False" />
                <line number="274" hits="1" branch="False" />
              </lines>
            </method>
          </methods>
          <lines>
            <line number="260" hits="2" branch="False" />
            <line number="261" hits="2" branch="False" />
            <line number="263" hits="2" branch="False" />
            <line number="264" hits="2" branch="False" />
            <line number="265" hits="2" branch="False" />
            <line number="267" hits="2" branch="True" condition-coverage="100% (4/4)">
              <conditions>
                <condition number="311" type="jump" coverage="100%" />
                <condition number="337" type="jump" coverage="100%" />
              </conditions>
            </line>
            <line number="268" hits="1" branch="False" />
            <line number="269" hits="1" branch="False" />
            <line number="270" hits="1" branch="False" />
            <line number="273" hits="1" branch="False" />
            <line number="274" hits="1" branch="False" />
          </lines>
        </class>
        <class name="ViceMCP.ViceTools/&lt;GetRegisters&gt;d__8" filename="ViceTools.cs" line-rate="1" branch-rate="1" complexity="6">
          <methods>
            <method name="MoveNext" signature="()" line-rate="1" branch-rate="1" complexity="6">
              <lines>
                <line number="123" hits="2" branch="False" />
                <line number="124" hits="2" branch="False" />
                <line number="126" hits="2" branch="False" />
                <line number="127" hits="2" branch="False" />
                <line number="128" hits="2" branch="False" />
                <line number="130" hits="2" branch="True" condition-coverage="100% (4/4)">
                  <conditions>
                    <condition number="312" type="jump" coverage="100%" />
                    <condition number="338" type="jump" coverage="100%" />
                  </conditions>
                </line>
                <line number="131" hits="1" branch="False" />
                <line number="132" hits="1" branch="False" />
                <line number="133" hits="1" branch="False" />
                <line number="134" hits="9" branch="True" condition-coverage="100% (2/2)">
                  <conditions>
                    <condition number="536" type="jump" coverage="100%" />
                  </conditions>
                </line>
                <line number="135" hits="3" branch="False" />
                <line number="136" hits="3" branch="False" />
                <line number="137" hits="3" branch="False" />
                <line number="138" hits="1" branch="False" />
                <line number="141" hits="1" branch="False" />
                <line number="142" hits="1" branch="False" />
              </lines>
            </method>
          </methods>
          <lines>
            <line number="123" hits="2" branch="False" />
            <line number="124" hits="2" branch="False" />
            <line number="126" hits="2" branch="False" />
            <line number="127" hits="2" branch="False" />
            <line number="128" hits="2" branch="False" />
            <line number="130" hits="2" branch="True" condition-coverage="100% (4/4)">
              <conditions>
                <condition number="312" type="jump" coverage="100%" />
                <condition number="338" type="jump" coverage="100%" />
              </conditions>
            </line>
            <line number="131" hits="1" branch="False" />
            <line number="132" hits="1" branch="False" />
            <line number="133" hits="1" branch="False" />
            <line number="134" hits="9" branch="True" condition-coverage="100% (2/2)">
              <conditions>
                <condition number="536" type="jump" coverage="100%" />
              </conditions>
            </line>
            <line number="135" hits="3" branch="False" />
            <line number="136" hits="3" branch="False" />
            <line number="137" hits="3" branch="False" />
            <line number="138" hits="1" branch="False" />
            <line number="141" hits="1" branch="False" />
            <line number="142" hits="1" branch="False" />
          </lines>
        </class>
        <class name="ViceMCP.ViceTools/&lt;ListCheckpoints&gt;d__17" filename="ViceTools.cs" line-rate="0.9523" branch-rate="0.8332999999999999" complexity="12">
          <methods>
            <method name="MoveNext" signature="()" line-rate="0.9523" branch-rate="0.8332999999999999" complexity="12">
              <lines>
                <line number="349" hits="2" branch="False" />
                <line number="350" hits="2" branch="False" />
                <line number="352" hits="2" branch="False" />
                <line number="353" hits="2" branch="False" />
                <line number="354" hits="2" branch="False" />
                <line number="356" hits="2" branch="True" condition-coverage="50% (2/4)">
                  <conditions>
                    <condition number="311" type="jump" coverage="50%" />
                    <condition number="337" type="jump" coverage="50%" />
                  </conditions>
                </line>
                <line number="357" hits="2" branch="False" />
                <line number="358" hits="2" branch="False" />
                <line number="359" hits="2" branch="True" condition-coverage="100% (2/2)">
                  <conditions>
                    <condition number="387" type="jump" coverage="100%" />
                  </conditions>
                </line>
                <line number="360" hits="1" branch="False" />
                <line number="361" hits="1" branch="False" />
                <line number="364" hits="1" branch="False" />
                <line number="365" hits="7" branch="True" condition-coverage="100% (2/2)">
                  <conditions>
                    <condition number="765" type="jump" coverage="100%" />
                  </conditions>
                </line>
                <line number="366" hits="2" branch="False" />
                <line number="367" hits="2" branch="True" condition-coverage="100% (2/2)">
                  <conditions>
                    <condition number="474" type="jump" coverage="100%" />
                  </conditions>
                </line>
                <line number="368" hits="2" branch="True" condition-coverage="100% (2/2)">
                  <conditions>
                    <condition number="505" type="jump" coverage="100%" />
                  </conditions>
                </line>
                <line number="369" hits="2" branch="False" />
                <line number="370" hits="2" branch="False" />
                <line number="371" hits="1" branch="False" />
                <line number="374" hits="0" branch="False" />
                <line number="375" hits="2" branch="False" />
              </lines>
            </method>
          </methods>
          <lines>
            <line number="349" hits="2" branch="False" />
            <line number="350" hits="2" branch="False" />
            <line number="352" hits="2" branch="False" />
            <line number="353" hits="2" branch="False" />
            <line number="354" hits="2" branch="False" />
            <line number="356" hits="2" branch="True" condition-coverage="50% (2/4)">
              <conditions>
                <condition number="311" type="jump" coverage="50%" />
                <condition number="337" type="jump" coverage="50%" />
              </conditions>
            </line>
            <line number="357" hits="2" branch="False" />
            <line number="358" hits="2" branch="False" />
            <line number="359" hits="2" branch="True" condition-coverage="100% (2/2)">
              <conditions>
                <condition number="387" type="jump" coverage="100%" />
              </conditions>
            </line>
            <line number="360" hits="1" branch="False" />
            <line number="361" hits="1" branch="False" />
            <line number="364" hits="1" branch="False" />
            <line number="365" hits="7" branch="True" condition-coverage="100% (2/2)">
              <conditions>
                <condition number="765" type="jump" coverage="100%" />
              </conditions>
            </line>
            <line number="366" hits="2" branch="False" />
            <line number="367" hits="2" branch="True" condition-coverage="100% (2/2)">
              <conditions>
                <condition number="474" type="jump" coverage="100%" />
              </conditions>
            </line>
            <line number="368" hits="2" branch="True" condition-coverage="100% (2/2)">
              <conditions>
                <condition number="505" type="jump" coverage="100%" />
              </conditions>
            </line>
            <line number="369" hits="2" branch="False" />
            <line number="370" hits="2" branch="False" />
            <line number="371" hits="1" branch="False" />
            <line number="374" hits="0" branch="False" />
            <line number="375" hits="2" branch="False" />
          </lines>
        </class>
        <class name="ViceMCP.ViceTools/&lt;LoadProgram&gt;d__28" filename="ViceTools.cs" line-rate="0" branch-rate="0" complexity="12">
          <methods>
            <method name="MoveNext" signature="()" line-rate="0" branch-rate="0" complexity="12">
              <lines>
                <line number="803" hits="0" branch="False" />
                <line number="804" hits="0" branch="False" />
                <line number="806" hits="0" branch="True" condition-coverage="0% (0/2)">
                  <conditions>
                    <condition number="159" type="jump" coverage="0%" />
                  </conditions>
                </line>
                <line number="807" hits="0" branch="False" />
                <line number="808" hits="0" branch="False" />
                <line number="811" hits="0" branch="False" />
                <line number="813" hits="0" branch="True" condition-coverage="0% (0/2)">
                  <conditions>
                    <condition number="337" type="jump" coverage="0%" />
                  </conditions>
                </line>
                <line number="814" hits="0" branch="False" />
                <line number="815" hits="0" branch="False" />
                <line number="822" hits="0" branch="True" condition-coverage="0% (0/2)">
                  <conditions>
                    <condition number="364" type="jump" coverage="0%" />
                  </conditions>
                </line>
                <line number="823" hits="0" branch="False" />
                <line number="824" hits="0" branch="True" condition-coverage="0% (0/2)">
                  <conditions>
                    <condition number="388" type="jump" coverage="0%" />
                  </conditions>
                </line>
                <line number="825" hits="0" branch="False" />
                <line number="826" hits="0" branch="False" />
                <line number="827" hits="0" branch="False" />
                <line number="828" hits="0" branch="False" />
                <line number="830" hits="0" branch="False" />
                <line number="832" hits="0" branch="False" />
                <line number="833" hits="0" branch="False" />
                <line number="834" hits="0" branch="False" />
                <line number="836" hits="0" branch="False" />
[...]
            <line number="25" hits="1" branch="False" />
            <line number="26" hits="2" branch="False" />
          </lines>
        </class>
        <class name="ViceMCP.ViceBridge.Commands.ResetCommand" filename="ViceBridge/Commands/ResetCommand.cs" line-rate="1" branch-rate="1" complexity="3">
          <methods>
            <method name="get_Mode" signature="()" line-rate="1" branch-rate="1" complexity="1">
              <lines>
                <line number="9" hits="6" branch="False" />
              </lines>
            </method>
            <method name="get_ContentLength" signature="()" line-rate="1" branch-rate="1" complexity="1">
              <lines>
                <line number="12" hits="1" branch="False" />
              </lines>
            </method>
            <method name="WriteContent" signature="(System.Span`1&lt;System.Byte&gt;)" line-rate="1" branch-rate="1" complexity="1">
              <lines>
                <line number="15" hits="1" branch="False" />
                <line number="16" hits="1" branch="False" />
                <line number="17" hits="1" branch="False" />
                <line number="18" hits="1" branch="False" />
              </lines>
            </method>
          </methods>
          <lines>
            <line number="9" hits="6" branch="False" />
            <line number="12" hits="1" branch="False" />
            <line number="15" hits="1" branch="False" />
            <line number="16" hits="1" branch="False" />
            <line number="17" hits="1" branch="False" />
            <line number="18" hits="1" branch="False" />
          </lines>
        </class>
        <class name="ViceMCP.ViceBridge.Commands.ResourceGetCommand" filename="ViceBridge/Commands/ResourceGetCommand.cs" line-rate="0.8461" branch-rate="0.5" complexity="5">
          <methods>
            <method name="get_ResourceName" signature="()" line-rate="1" branch-rate="1" complexity="1">
              <lines>
                <line number="11" hits="5" branch="False" />
              </lines>
            </method>
            <method name="get_ContentLength" signature="()" line-rate="1" branch-rate="1" complexity="1">
              <lines>
                <line number="25" hits="1" branch="False" />
              </lines>
            </method>
            <method name="WriteContent" signature="(System.Span`1&lt;System.Byte&gt;)" line-rate="1" branch-rate="1" complexity="1">
              <lines>
                <line number="28" hits="1" branch="False" />
                <line number="29" hits="1" branch="False" />
                <line number="30" hits="1" branch="False" />
                <line number="31" hits="1" branch="False" />
              </lines>
            </method>
            <method name=".ctor" signature="(System.String)" line-rate="0.7142000000000001" branch-rate="0.5" complexity="2">
              <lines>
                <line number="16" hits="2" branch="False" />
                <line number="17" hits="2" branch="False" />
                <line number="18" hits="2" branch="True" condition-coverage="50% (1/2)">
                  <conditions>
                    <condition number="26" type="jump" coverage="50%" />
                  </conditions>
                </line>
                <line number="19" hits="0" branch="False" />
                <line number="20" hits="0" branch="False" />
                <line number="22" hits="2" branch="False" />
                <line number="23" hits="2" branch="False" />
              </lines>
            </method>
          </methods>
          <lines>
            <line number="11" hits="5" branch="False" />
            <line number="25" hits="1" branch="False" />
            <line number="28" hits="1" branch="False" />
            <line number="29" hits="1" branch="False" />
            <line number="30" hits="1" branch="False" />
            <line number="31" hits="1" branch="False" />
            <line number="16" hits="2" branch="False" />
            <line number="17" hits="2" branch="False" />
            <line number="18" hits="2" branch="True" condition-coverage="50% (1/2)">
              <conditions>
                <condition number="26" type="jump" coverage="50%" />
              </conditions>
            </line>
            <line number="19" hits="0" branch="False" />
            <line number="20" hits="0" branch="False" />
            <line number="22" hits="2" branch="False" />
            <line number="23" hits="2" branch="False" />
          </lines>
        </class>
        <class name="ViceMCP.ViceBridge.Commands.ResourceSetCommand" filename="ViceBridge/Commands/ResourceSetCommand.cs" line-rate="0" branch-rate="0" complexity="6">
          <methods>
            <method name="get_Resource" signature="()" line-rate="0" branch-rate="1" complexity="1">
              <lines>
                <line number="10" hits="0" branch="False" />
              </lines>
            </method>
            <method name="get_ContentLength" signature="()" line-rate="0" branch-rate="1" complexity="1">
              <lines>
                <line number="13" hits="0" branch="False" />
              </lines>
            </method>
            <method name="WriteContent" signature="(System.Span`1&lt;System.Byte&gt;)" line-rate="0" branch-rate="0" complexity="4">
              <lines>
                <line number="16" hits="0" branch="False" />
                <line number="17" hits="0" branch="True" condition-coverage="0% (0/4)">
                  <conditions>
                    <condition number="18" type="jump" coverage="0%" />
                    <condition number="28" type="jump" coverage="0%" />
                  </conditions>
                </line>
                <line number="20" hits="0" branch="False" />
                <line number="21" hits="0" branch="False" />
                <line number="22" hits="0" branch="False" />
                <line number="23" hits="0" branch="False" />
                <line number="25" hits="0" branch="False" />
                <line number="26" hits="0" branch="False" />
                <line number="27" hits="0" branch="False" />
                <line number="28" hits="0" branch="False" />
                <line number="30" hits="0" branch="False" />
                <line number="32" hits="0" branch="False" />
              </lines>
            </method>
          </methods>
          <lines>
            <line number="10" hits="0" branch="False" />
            <line number="13" hits="0" branch="False" />
            <line number="16" hits="0" branch="False" />
            <line number="17" hits="0" branch="True" condition-coverage="0% (0/4)">
              <conditions>
                <condition number="18" type="jump" coverage="0%" />
                <condition number="28" type="jump" coverage="0%" />
              </conditions>
            </line>
            <line number="20" hits="0" branch="False" />
            <line number="21" hits="0" branch="False" />
            <line number="22" hits="0" branch="False" />
            <line number="23" hits="0" branch="False" />
            <line number="25" hits="0" branch="False" />
            <line number="26" hits="0" branch="False" />
            <line number="27" hits="0" branch="False" />
            <line number="28" hits="0" branch="False" />
            <line number="30" hits="0" branch="False" />
            <line number="32" hits="0" branch="False" />
          </lines>
        </class>
        <class name="ViceMCP.ViceBridge.Commands.UndumpCommand" filename="ViceBridge/Commands/UndumpCommand.cs" line-rate="0.8461" branch-rate="0.5" complexity="5">
          <methods>
            <method name="get_Filename" signature="()" line-rate="1" branch-rate="1" complexity="1">
              <lines>
                <line number="13" hits="5" branch="False" />
              </lines>
            </method>
            <method name="get_ContentLength" signature="()" line-rate="1" branch-rate="1" complexity="1">
              <lines>
                <line number="27" hits="1" branch="False" />
              </lines>
            </method>
            <method name="WriteContent" signature="(System.Span`1&lt;System.Byte&gt;)" line-rate="1" branch-rate="1" complexity="1">
              <lines>
                <line number="30" hits="1" branch="False" />
                <line number="31" hits="1" branch="False" />
                <line number="32" hits="1" branch="False" />
                <line number="33" hits="1" branch="False" />
              </lines>
            </method>
            <method name=".ctor" signature="(System.String)" line-rate="0.7142000000000001" branch-rate="0.5" complexity="2">
              <lines>
                <line number="18" hits="2" branch="False" />
                <line number="19" hits="2" branch="False" />
                <line number="20" hits="2" branch="True" condition-coverage="50% (1/2)">
                  <conditions>
                    <condition number="26" type="jump" coverage="50%" />
                  </conditions>
                </line>
                <line number="21" hits="0" branch="False" />
                <line number="22" hits="0" branch="False" />
                <line number="24" hits="2" branch="False" />
                <line number="25" hits="2" branch="False" />
              </lines>
            </method>
          </methods>
          <lines>
            <line number="13" hits="5" branch="False" />
            <line number="27" hits="1" branch="False" />
            <line number="30" hits="1" branch="False" />
            <line number="31" hits="1" branch="False" />
            <line number="32" hits="1" branch="False" />
            <line number="33" hits="1" branch="False" />
            <line number="18" hits="2" branch="False" />
            <line number="19" hits="2" branch="False" />
            <line number="20" hits="2" branch="True" condition-coverage="50% (1/2)">
              <conditions>
                <condition number="26" type="jump" coverage="50%" />
              </conditions>
            </line>
            <line number="21" hits="0" branch="False" />
            <line number="22" hits="0" branch="False" />
            <line number="24" hits="2" branch="False" />
            <line number="25" hits="2" branch="False" />
          </lines>
        </class>
        <class name="ViceMCP.ViceBridge.Commands.ViceCommand`1" filename="ViceBridge/Commands/ViceCommand.cs" line-rate="1" branch-rate="1" complexity="13">
          <methods>
            <method name="get_ApiVersion" signature="()" line-rate="1" branch-rate="1" complexity="1">
              <lines>
                <line number="26" hits="3" branch="False" />
              </lines>
            </method>
            <method name="get_CommandType" signature="()" line-rate="1" branch-rate="1" complexity="1">
              <lines>
                <line number="28" hits="24" branch="False" />
              </lines>
            </method>
            <method name="get_Response" signature="()" line-rate="1" branch-rate="1" complexity="1">
              <lines>
                <line number="42" hits="66" branch="False" />
              </lines>
            </method>
            <method name="ViceMCP.ViceBridge.Commands.IViceCommand.SetResult" signature="(ViceMCP.ViceBridge.Responses.ViceResponse)" line-rate="1" branch-rate="1" complexity="4">
              <lines>
                <line number="52" hits="4" branch="False" />
                <line number="53" hits="4" branch="True" condition-coverage="100% (4/4)">
                  <conditions>
                    <condition number="7" type="jump" coverage="100%" />
                    <condition number="23" type="jump" coverage="100%" />
                  </conditions>
                </line>
                <line number="54" hits="2" branch="False" />
                <line number="55" hits="2" branch="False" />
                <line number="56" hits="2" branch="False" />
                <line number="58" hits="2" branch="False" />
                <line number="59" hits="2" branch="False" />
                <line number="60" hits="2" branch="False" />
                <line number="61" hits="4" branch="False" />
              </lines>
            </method>
            <method name="SetException" signature="(System.Exception)" line-rate="1" branch-rate="1" complexity="1">
              <lines>
                <line number="64" hits="1" branch="False" />
                <line number="65" hits="1" branch="False" />
                <line number="66" hits="1" branch="False" />
              </lines>
            </method>
            <method name="GetBinaryData" signature="(System.UInt32)" line-rate="1" branch-rate="1" complexity="2">
              <lines>
                <line number="69" hits="2" branch="False" />
                <line number="71" hits="2" branch="False" />
                <line number="72" hits="2" branch="False" />
                <line number="73" hits="2" branch="False" />
                <line number="74" hits="2" branch="False" />
                <line number="75" hits="2" branch="False" />
                <line number="76" hits="2" branch="False" />
                <line number="77" hits="2" branch="False" />
                <line number="78" hits="2" branch="False" />
                <line number="79" hits="2" branch="False" />
                <line number="80" hits="2" branch="False" />
                <line number="81" hits="2" branch="True" condition-coverage="100% (2/2)">
                  <conditions>
                    <condition number="117" type="jump" coverage="100%" />
                  </conditions>
                </line>
                <line number="82" hits="1" branch="False" />
                <line number="83" hits="1" branch="False" />
                <line number="84" hits="1" branch="False" />
                <line number="85" hits="2" branch="False" />
                <line number="86" hits="2" branch="False" />
              </lines>
            </method>
            <method name="WriteString" signature="(System.String,System.Span`1&lt;System.Byte&gt;)" line-rate="1" branch-rate="1" complexity="1">
              <lines>
                <line number="89" hits="6" branch="False" />
                <line number="90" hits="6" branch="False" />
                <line number="91" hits="6" branch="False" />
                <line number="92" hits="6" branch="False" />
                <line number="93" hits="6" branch="False" />
              </lines>
            </method>
            <method name="CollectErrors" signature="()" line-rate="1" branch-rate="1" complexity="1">
              <lines>
                <line number="95" hits="5" branch="False" />
              </lines>
            </method>
            <method name=".ctor" signature="(ViceMCP.ViceBridge.Commands.CommandType,System.Byte)" line-rate="1" branch-rate="1" complexity="1">
              <lines>
                <line number="34" hits="120" branch="False" />
                <line number="35" hits="120" branch="False" />
                <line number="36" hits="120" branch="False" />
                <line number="37" hits="120" branch="False" />
                <line number="38" hits="120" branch="False" />
                <line number="43" hits="120" branch="False" />
              </lines>
            </method>
          </methods>
          <lines>
            <line number="26" hits="3" branch="False" />
            <line number="28" hits="24" branch="False" />
            <line number="42" hits="66" branch="False" />
            <line number="52" hits="4" branch="False" />
            <line number="53" hits="4" branch="True" condition-coverage="100% (4/4)">
              <conditions>
                <condition number="7" type="jump" coverage="100%" />
                <condition number="23" type="jump" coverage="100%" />
              </conditions>
            </line>
            <line number="54" hits="2" branch="False" />
            <line number="55" hits="2" branch="False" />
            <line number="56" hits="2" branch="False" />
            <line number="58" hits="2" branch="False" />
            <line number="59" hits="2" branch="False" />
            <line number="60" hits="2" branch="False" />
            <line number="61" hits="4" branch="False" />
            <line number="64" hits="1" branch="False" />
            <line number="65" hits="1" branch="False" />
            <line number="66" hits="1" branch="False" />
            <line number="69" hits="2" branch="False" />
            <line number="71" hits="2" branch="False" />
            <line number="72" hits="2" branch="False" />
            <line number="73" hits="2" branch="False" />
            <line number="74" hits="2" branch="False" />
            <line number="75" hits="2" branch="False" />
            <line number="76" hits="2" branch="False" />
            <line number="77" hits="2" branch="False" />
            <line number="78" hits="2" branch="False" />
            <line number="79" hits="2" branch="False" />
            <line number="80" hits="2" branch="False" />
            <line number="81" hits="2" branch="True" condition-coverage="100% (2/2)">
              <conditions>
                <condition number="117" type="jump" coverage="100%" />
              </conditions>
            </line>
            <line number="82" hits="1" branch="False" />
            <line number="83" hits="1" branch="False" />
            <line number="84" hits="1" branch="False" />
            <line number="85" hits="2" branch="False" />
            <line number="86" hits="2" branch="False" />
            <line number="89" hits="6" branch="False" />
            <line number="90" hits="6" branch="False" />
            <line number="91" hits="6" branch="False" />
            <line number="92" hits="6" branch="False" />
            <line number="93" hits="6" branch="False" />
            <line number="95" hits="5" branch="False" />
            <line number="34" hits="120" branch="False" />
            <line number="35" hits="120" branch="False" />
            <line number="36" hits="120" branch="False" />
            <line number="37" hits="120" branch="False" />
            <line number="38" hits="120" branch="False" />
            <line number="43" hits="120" branch="False" />
          </lines>
        </class>
        <class name="ViceMCP.ViceBridge.Commands.ParameterlessCommand`1" filename="ViceBridge/Commands/ViceCommand.cs" line-rate="1" branch-rate="1" complexity="3">
          <methods>
            <method name="get_ContentLength" signature="()" line-rate="1" branch-rate="1" complexity="1">
              <lines>
                <line number="115" hits="19" branch="False" />
              </lines>
            </method>
            <method name="WriteContent" signature="(System.Span`1&lt;System.Byte&gt;)" line-rate="1" branch-rate="1" complexity="1">
              <lines>
                <line number="118" hits="2" branch="False" />
              </lines>
            </method>
            <method name=".ctor" signature="(ViceMCP.ViceBridge.Commands.CommandType,System.Byte)" line-rate="1" branch-rate="1" complexity="1">
              <lines>
                <line number="110" hits="46" branch="False" />
                <line number="111" hits="46" branch="False" />
                <line number="113" hits="46" branch="False" />
              </lines>
            </method>
          </methods>
          <lines>
            <line number="115" hits="19" branch="False" />
            <line number="118" hits="2" branch="False" />
            <line number="110" hits="46" branch="False" />
            <line number="111" hits="46" branch="False" />
            <line number="113" hits="46" branch="False" />
          </lines>
        </class>
      </classes>
    </package>
  </packages>
</coverage>